2025/07/11 21:14:01 [emerg] 1#1: "server" directive is not allowed here in /etc/nginx/nginx.conf:2
2025/07/11 21:14:02 [emerg] 1#1: "server" directive is not allowed here in /etc/nginx/nginx.conf:2
2025/07/11 21:14:03 [emerg] 1#1: "server" directive is not allowed here in /etc/nginx/nginx.conf:2
2025/07/11 21:14:04 [emerg] 1#1: "server" directive is not allowed here in /etc/nginx/nginx.conf:2
2025/07/11 21:14:06 [emerg] 1#1: "server" directive is not allowed here in /etc/nginx/nginx.conf:2
2025/07/11 21:14:08 [emerg] 1#1: "server" directive is not allowed here in /etc/nginx/nginx.conf:2
2025/07/11 21:14:12 [emerg] 1#1: "server" directive is not allowed here in /etc/nginx/nginx.conf:2
2025/07/11 21:14:19 [emerg] 1#1: "server" directive is not allowed here in /etc/nginx/nginx.conf:2
2025/07/11 21:14:32 [emerg] 1#1: "server" directive is not allowed here in /etc/nginx/nginx.conf:2
2025/07/11 21:14:59 [emerg] 1#1: "server" directive is not allowed here in /etc/nginx/nginx.conf:2
2025/07/11 21:15:51 [emerg] 1#1: "server" directive is not allowed here in /etc/nginx/nginx.conf:2
2025/07/11 21:16:51 [emerg] 1#1: "server" directive is not allowed here in /etc/nginx/nginx.conf:2
2025/07/11 21:17:52 [emerg] 1#1: "server" directive is not allowed here in /etc/nginx/nginx.conf:2
2025/07/11 21:18:52 [emerg] 1#1: "server" directive is not allowed here in /etc/nginx/nginx.conf:2
2025/07/11 21:19:53 [emerg] 1#1: "server" directive is not allowed here in /etc/nginx/nginx.conf:2
2025/07/11 21:20:54 [emerg] 1#1: "server" directive is not allowed here in /etc/nginx/nginx.conf:2
2025/07/11 21:21:54 [emerg] 1#1: "server" directive is not allowed here in /etc/nginx/nginx.conf:2
2025/07/11 21:22:55 [emerg] 1#1: "server" directive is not allowed here in /etc/nginx/nginx.conf:2
2025/07/11 21:23:55 [emerg] 1#1: "server" directive is not allowed here in /etc/nginx/nginx.conf:2
2025/07/11 21:24:56 [emerg] 1#1: "server" directive is not allowed here in /etc/nginx/nginx.conf:2
2025/07/11 22:05:05 [emerg] 1#1: unknown "backend" variable
2025/07/11 22:05:05 [emerg] 1#1: unknown "backend" variable
2025/07/11 22:05:06 [emerg] 1#1: unknown "backend" variable
2025/07/11 22:05:06 [emerg] 1#1: unknown "backend" variable
2025/07/11 22:05:08 [emerg] 1#1: unknown "backend" variable
2025/07/11 22:05:09 [emerg] 1#1: unknown "backend" variable
2025/07/11 22:05:13 [emerg] 1#1: unknown "backend" variable
2025/07/11 22:05:20 [emerg] 1#1: unknown "backend" variable
2025/07/11 22:05:33 [emerg] 1#1: unknown "backend" variable
2025/07/11 22:06:23 [emerg] 1#1: unknown "active_backend" variable
2025/07/11 22:06:24 [emerg] 1#1: unknown "active_backend" variable
2025/07/11 22:06:24 [emerg] 1#1: unknown "active_backend" variable
2025/07/11 22:06:25 [emerg] 1#1: unknown "active_backend" variable
2025/07/11 22:06:26 [emerg] 1#1: unknown "active_backend" variable
2025/07/11 22:06:28 [emerg] 1#1: unknown "active_backend" variable
2025/07/11 22:06:31 [emerg] 1#1: unknown "active_backend" variable
2025/07/11 22:06:38 [emerg] 1#1: unknown "active_backend" variable
2025/07/11 22:06:51 [emerg] 1#1: unknown "active_backend" variable
2025/07/11 22:07:17 [emerg] 1#1: unknown "active_backend" variable
2025/07/11 22:08:09 [emerg] 1#1: unknown "active_backend" variable
2025/07/11 22:09:09 [notice] 1#1: using the "epoll" event method
2025/07/11 22:09:09 [notice] 1#1: nginx/1.29.0
2025/07/11 22:09:09 [notice] 1#1: built by gcc 14.2.0 (Alpine 14.2.0) 
2025/07/11 22:09:09 [notice] 1#1: OS: Linux 6.6.87.2-microsoft-standard-WSL2
2025/07/11 22:09:09 [notice] 1#1: getrlimit(RLIMIT_NOFILE): 1048576:1048576
2025/07/11 22:09:09 [notice] 1#1: start worker processes
2025/07/11 22:09:09 [notice] 1#1: start worker process 22
2025/07/11 22:09:09 [notice] 1#1: start worker process 23
2025/07/11 22:09:09 [notice] 1#1: start worker process 24
2025/07/11 22:09:09 [notice] 1#1: start worker process 25
2025/07/11 22:09:09 [notice] 1#1: start worker process 26
2025/07/11 22:09:09 [notice] 1#1: start worker process 27
2025/07/11 22:09:09 [notice] 1#1: start worker process 28
2025/07/11 22:09:09 [notice] 1#1: start worker process 29
2025/07/11 22:09:15 [notice] 1#1: signal 3 (SIGQUIT) received, shutting down
2025/07/11 22:09:15 [notice] 22#22: gracefully shutting down
2025/07/11 22:09:15 [notice] 24#24: gracefully shutting down
2025/07/11 22:09:15 [notice] 23#23: gracefully shutting down
2025/07/11 22:09:15 [notice] 25#25: gracefully shutting down
2025/07/11 22:09:15 [notice] 26#26: gracefully shutting down
2025/07/11 22:09:15 [notice] 27#27: gracefully shutting down
2025/07/11 22:09:15 [notice] 28#28: gracefully shutting down
2025/07/11 22:09:15 [notice] 29#29: gracefully shutting down
2025/07/11 22:09:15 [notice] 22#22: exiting
2025/07/11 22:09:15 [notice] 24#24: exiting
2025/07/11 22:09:15 [notice] 23#23: exiting
2025/07/11 22:09:15 [notice] 25#25: exiting
2025/07/11 22:09:15 [notice] 26#26: exiting
2025/07/11 22:09:15 [notice] 27#27: exiting
2025/07/11 22:09:15 [notice] 28#28: exiting
2025/07/11 22:09:15 [notice] 29#29: exiting
2025/07/11 22:09:15 [notice] 22#22: exit
2025/07/11 22:09:15 [notice] 24#24: exit
2025/07/11 22:09:15 [notice] 23#23: exit
2025/07/11 22:09:15 [notice] 25#25: exit
2025/07/11 22:09:15 [notice] 26#26: exit
2025/07/11 22:09:15 [notice] 27#27: exit
2025/07/11 22:09:15 [notice] 28#28: exit
2025/07/11 22:09:15 [notice] 29#29: exit
2025/07/11 22:09:15 [notice] 1#1: signal 17 (SIGCHLD) received from 25
2025/07/11 22:09:15 [notice] 1#1: worker process 25 exited with code 0
2025/07/11 22:09:15 [notice] 1#1: signal 29 (SIGIO) received
2025/07/11 22:09:15 [notice] 1#1: signal 17 (SIGCHLD) received from 24
2025/07/11 22:09:15 [notice] 1#1: worker process 24 exited with code 0
2025/07/11 22:09:15 [notice] 1#1: worker process 26 exited with code 0
2025/07/11 22:09:15 [notice] 1#1: worker process 28 exited with code 0
2025/07/11 22:09:15 [notice] 1#1: signal 29 (SIGIO) received
2025/07/11 22:09:15 [notice] 1#1: signal 17 (SIGCHLD) received from 26
2025/07/11 22:09:15 [notice] 1#1: signal 17 (SIGCHLD) received from 27
2025/07/11 22:09:15 [notice] 1#1: worker process 22 exited with code 0
2025/07/11 22:09:15 [notice] 1#1: worker process 27 exited with code 0
2025/07/11 22:09:15 [notice] 1#1: worker process 29 exited with code 0
2025/07/11 22:09:15 [notice] 1#1: signal 29 (SIGIO) received
2025/07/11 22:09:15 [notice] 1#1: signal 17 (SIGCHLD) received from 23
2025/07/11 22:09:15 [notice] 1#1: worker process 23 exited with code 0
2025/07/11 22:09:15 [notice] 1#1: exit
2025/07/11 22:10:01 [notice] 1#1: using the "epoll" event method
2025/07/11 22:10:01 [notice] 1#1: nginx/1.29.0
2025/07/11 22:10:01 [notice] 1#1: built by gcc 14.2.0 (Alpine 14.2.0) 
2025/07/11 22:10:01 [notice] 1#1: OS: Linux 6.6.87.2-microsoft-standard-WSL2
2025/07/11 22:10:01 [notice] 1#1: getrlimit(RLIMIT_NOFILE): 1048576:1048576
2025/07/11 22:10:01 [notice] 1#1: start worker processes
2025/07/11 22:10:01 [notice] 1#1: start worker process 30
2025/07/11 22:10:01 [notice] 1#1: start worker process 31
2025/07/11 22:10:01 [notice] 1#1: start worker process 32
2025/07/11 22:10:01 [notice] 1#1: start worker process 33
2025/07/11 22:10:01 [notice] 1#1: start worker process 34
2025/07/11 22:10:01 [notice] 1#1: start worker process 35
2025/07/11 22:10:01 [notice] 1#1: start worker process 36
2025/07/11 22:10:01 [notice] 1#1: start worker process 37
2025/07/11 22:10:26 [error] 34#34: *5 connect() failed (111: Connection refused) while connecting to upstream, client: 172.19.0.1, server: localhost, request: "GET /api/structure/ HTTP/1.1", upstream: "http://[::1]:7070/api/structure/", host: "localhost", referrer: "http://localhost/"
2025/07/11 22:10:26 [warn] 34#34: *5 upstream server temporarily disabled while connecting to upstream, client: 172.19.0.1, server: localhost, request: "GET /api/structure/ HTTP/1.1", upstream: "http://[::1]:7070/api/structure/", host: "localhost", referrer: "http://localhost/"
2025/07/11 22:10:26 [error] 34#34: *5 connect() failed (111: Connection refused) while connecting to upstream, client: 172.19.0.1, server: localhost, request: "GET /api/structure/ HTTP/1.1", upstream: "http://127.0.0.1:7070/api/structure/", host: "localhost", referrer: "http://localhost/"
2025/07/11 22:10:26 [warn] 34#34: *5 upstream server temporarily disabled while connecting to upstream, client: 172.19.0.1, server: localhost, request: "GET /api/structure/ HTTP/1.1", upstream: "http://127.0.0.1:7070/api/structure/", host: "localhost", referrer: "http://localhost/"
2025/07/11 22:10:26 [error] 30#30: *1 connect() failed (111: Connection refused) while connecting to upstream, client: 172.19.0.1, server: localhost, request: "GET /api/structure/ HTTP/1.1", upstream: "http://[::1]:7070/api/structure/", host: "localhost", referrer: "http://localhost/"
2025/07/11 22:10:26 [warn] 30#30: *1 upstream server temporarily disabled while connecting to upstream, client: 172.19.0.1, server: localhost, request: "GET /api/structure/ HTTP/1.1", upstream: "http://[::1]:7070/api/structure/", host: "localhost", referrer: "http://localhost/"
2025/07/11 22:10:26 [error] 30#30: *1 connect() failed (111: Connection refused) while connecting to upstream, client: 172.19.0.1, server: localhost, request: "GET /api/structure/ HTTP/1.1", upstream: "http://127.0.0.1:7070/api/structure/", host: "localhost", referrer: "http://localhost/"
2025/07/11 22:10:26 [warn] 30#30: *1 upstream server temporarily disabled while connecting to upstream, client: 172.19.0.1, server: localhost, request: "GET /api/structure/ HTTP/1.1", upstream: "http://127.0.0.1:7070/api/structure/", host: "localhost", referrer: "http://localhost/"
2025/07/11 22:10:26 [error] 30#30: *1 no live upstreams while connecting to upstream, client: 172.19.0.1, server: localhost, request: "GET /api/structure/ HTTP/1.1", upstream: "http://localhost/api/structure/", host: "localhost", referrer: "http://localhost/"
2025/07/11 22:10:26 [error] 30#30: *1 no live upstreams while connecting to upstream, client: 172.19.0.1, server: localhost, request: "GET /api/first-document/ HTTP/1.1", upstream: "http://localhost/api/first-document/", host: "localhost", referrer: "http://localhost/"
2025/07/11 22:10:27 [error] 32#32: *3 connect() failed (111: Connection refused) while connecting to upstream, client: 172.19.0.1, server: localhost, request: "GET /api/structure/ HTTP/1.1", upstream: "http://[::1]:7070/api/structure/", host: "localhost", referrer: "http://localhost/"
2025/07/11 22:10:27 [warn] 32#32: *3 upstream server temporarily disabled while connecting to upstream, client: 172.19.0.1, server: localhost, request: "GET /api/structure/ HTTP/1.1", upstream: "http://[::1]:7070/api/structure/", host: "localhost", referrer: "http://localhost/"
2025/07/11 22:10:27 [error] 32#32: *3 connect() failed (111: Connection refused) while connecting to upstream, client: 172.19.0.1, server: localhost, request: "GET /api/structure/ HTTP/1.1", upstream: "http://127.0.0.1:7070/api/structure/", host: "localhost", referrer: "http://localhost/"
2025/07/11 22:10:27 [warn] 32#32: *3 upstream server temporarily disabled while connecting to upstream, client: 172.19.0.1, server: localhost, request: "GET /api/structure/ HTTP/1.1", upstream: "http://127.0.0.1:7070/api/structure/", host: "localhost", referrer: "http://localhost/"
2025/07/11 22:10:27 [error] 32#32: *3 no live upstreams while connecting to upstream, client: 172.19.0.1, server: localhost, request: "GET /api/structure/ HTTP/1.1", upstream: "http://localhost/api/structure/", host: "localhost", referrer: "http://localhost/"
2025/07/11 22:10:27 [error] 32#32: *3 no live upstreams while connecting to upstream, client: 172.19.0.1, server: localhost, request: "GET /api/structure/ HTTP/1.1", upstream: "http://localhost/api/structure/", host: "localhost", referrer: "http://localhost/"
2025/07/11 22:10:28 [error] 32#32: *3 no live upstreams while connecting to upstream, client: 172.19.0.1, server: localhost, request: "GET /api/structure/ HTTP/1.1", upstream: "http://localhost/api/structure/", host: "localhost", referrer: "http://localhost/"
2025/07/11 22:10:28 [error] 32#32: *3 no live upstreams while connecting to upstream, client: 172.19.0.1, server: localhost, request: "GET /api/structure/ HTTP/1.1", upstream: "http://localhost/api/structure/", host: "localhost", referrer: "http://localhost/"
2025/07/11 22:10:28 [error] 32#32: *3 no live upstreams while connecting to upstream, client: 172.19.0.1, server: localhost, request: "GET /api/structure/ HTTP/1.1", upstream: "http://localhost/api/structure/", host: "localhost", referrer: "http://localhost/"
2025/07/11 22:11:25 [notice] 1#1: signal 3 (SIGQUIT) received, shutting down
2025/07/11 22:11:25 [notice] 30#30: gracefully shutting down
2025/07/11 22:11:25 [notice] 33#33: gracefully shutting down
2025/07/11 22:11:25 [notice] 32#32: gracefully shutting down
2025/07/11 22:11:25 [notice] 31#31: gracefully shutting down
2025/07/11 22:11:25 [notice] 34#34: gracefully shutting down
2025/07/11 22:11:25 [notice] 35#35: gracefully shutting down
2025/07/11 22:11:25 [notice] 37#37: gracefully shutting down
2025/07/11 22:11:25 [notice] 36#36: gracefully shutting down
2025/07/11 22:11:25 [notice] 30#30: exiting
2025/07/11 22:11:25 [notice] 33#33: exiting
2025/07/11 22:11:25 [notice] 32#32: exiting
2025/07/11 22:11:25 [notice] 31#31: exiting
2025/07/11 22:11:25 [notice] 34#34: exiting
2025/07/11 22:11:25 [notice] 35#35: exiting
2025/07/11 22:11:25 [notice] 37#37: exiting
2025/07/11 22:11:25 [notice] 36#36: exiting
2025/07/11 22:11:25 [notice] 30#30: exit
2025/07/11 22:11:25 [notice] 33#33: exit
2025/07/11 22:11:25 [notice] 32#32: exit
2025/07/11 22:11:25 [notice] 31#31: exit
2025/07/11 22:11:25 [notice] 34#34: exit
2025/07/11 22:11:25 [notice] 35#35: exit
2025/07/11 22:11:25 [notice] 37#37: exit
2025/07/11 22:11:25 [notice] 36#36: exit
2025/07/11 22:11:25 [notice] 1#1: signal 17 (SIGCHLD) received from 33
2025/07/11 22:11:25 [notice] 1#1: worker process 33 exited with code 0
2025/07/11 22:11:25 [notice] 1#1: signal 29 (SIGIO) received
2025/07/11 22:11:25 [notice] 1#1: signal 17 (SIGCHLD) received from 37
2025/07/11 22:11:25 [notice] 1#1: worker process 37 exited with code 0
2025/07/11 22:11:25 [notice] 1#1: signal 29 (SIGIO) received
2025/07/11 22:11:25 [notice] 1#1: signal 17 (SIGCHLD) received from 35
2025/07/11 22:11:25 [notice] 1#1: worker process 35 exited with code 0
2025/07/11 22:11:25 [notice] 1#1: signal 29 (SIGIO) received
2025/07/11 22:11:25 [notice] 1#1: signal 17 (SIGCHLD) received from 32
2025/07/11 22:11:25 [notice] 1#1: worker process 32 exited with code 0
2025/07/11 22:11:25 [notice] 1#1: signal 29 (SIGIO) received
2025/07/11 22:11:25 [notice] 1#1: signal 17 (SIGCHLD) received from 36
2025/07/11 22:11:25 [notice] 1#1: worker process 30 exited with code 0
2025/07/11 22:11:25 [notice] 1#1: worker process 34 exited with code 0
2025/07/11 22:11:25 [notice] 1#1: worker process 36 exited with code 0
2025/07/11 22:11:25 [notice] 1#1: signal 29 (SIGIO) received
2025/07/11 22:11:25 [notice] 1#1: signal 17 (SIGCHLD) received from 31
2025/07/11 22:11:25 [notice] 1#1: worker process 31 exited with code 0
2025/07/11 22:11:25 [notice] 1#1: exit
2025/07/11 22:11:39 [notice] 1#1: using the "epoll" event method
2025/07/11 22:11:39 [notice] 1#1: nginx/1.29.0
2025/07/11 22:11:39 [notice] 1#1: built by gcc 14.2.0 (Alpine 14.2.0) 
2025/07/11 22:11:39 [notice] 1#1: OS: Linux 6.6.87.2-microsoft-standard-WSL2
2025/07/11 22:11:39 [notice] 1#1: getrlimit(RLIMIT_NOFILE): 1048576:1048576
2025/07/11 22:11:39 [notice] 1#1: start worker processes
2025/07/11 22:11:39 [notice] 1#1: start worker process 30
2025/07/11 22:11:39 [notice] 1#1: start worker process 31
2025/07/11 22:11:39 [notice] 1#1: start worker process 32
2025/07/11 22:11:39 [notice] 1#1: start worker process 33
2025/07/11 22:11:39 [notice] 1#1: start worker process 34
2025/07/11 22:11:39 [notice] 1#1: start worker process 35
2025/07/11 22:11:39 [notice] 1#1: start worker process 36
2025/07/11 22:11:39 [notice] 1#1: start worker process 37
2025/07/11 22:11:53 [error] 30#30: *1 connect() failed (111: Connection refused) while connecting to upstream, client: 172.19.0.1, server: localhost, request: "GET /api/structure/ HTTP/1.1", upstream: "http://[::1]:7070/structure/", host: "localhost", referrer: "http://localhost/"
2025/07/11 22:11:53 [warn] 30#30: *1 upstream server temporarily disabled while connecting to upstream, client: 172.19.0.1, server: localhost, request: "GET /api/structure/ HTTP/1.1", upstream: "http://[::1]:7070/structure/", host: "localhost", referrer: "http://localhost/"
2025/07/11 22:11:53 [error] 30#30: *1 connect() failed (111: Connection refused) while connecting to upstream, client: 172.19.0.1, server: localhost, request: "GET /api/structure/ HTTP/1.1", upstream: "http://127.0.0.1:7070/structure/", host: "localhost", referrer: "http://localhost/"
2025/07/11 22:11:53 [warn] 30#30: *1 upstream server temporarily disabled while connecting to upstream, client: 172.19.0.1, server: localhost, request: "GET /api/structure/ HTTP/1.1", upstream: "http://127.0.0.1:7070/structure/", host: "localhost", referrer: "http://localhost/"
2025/07/11 22:11:53 [error] 30#30: *1 no live upstreams while connecting to upstream, client: 172.19.0.1, server: localhost, request: "GET /api/structure/ HTTP/1.1", upstream: "http://localhost/structure/", host: "localhost", referrer: "http://localhost/"
2025/07/11 22:11:53 [error] 30#30: *1 no live upstreams while connecting to upstream, client: 172.19.0.1, server: localhost, request: "GET /api/structure/ HTTP/1.1", upstream: "http://localhost/structure/", host: "localhost", referrer: "http://localhost/"
2025/07/11 22:11:53 [error] 30#30: *1 no live upstreams while connecting to upstream, client: 172.19.0.1, server: localhost, request: "GET /api/first-document/ HTTP/1.1", upstream: "http://localhost/first-document/", host: "localhost", referrer: "http://localhost/"
2025/07/11 22:11:54 [error] 30#30: *1 no live upstreams while connecting to upstream, client: 172.19.0.1, server: localhost, request: "GET /api/structure/ HTTP/1.1", upstream: "http://localhost/structure/", host: "localhost", referrer: "http://localhost/"
2025/07/11 22:11:54 [error] 30#30: *1 no live upstreams while connecting to upstream, client: 172.19.0.1, server: localhost, request: "GET /api/structure/ HTTP/1.1", upstream: "http://localhost/structure/", host: "localhost", referrer: "http://localhost/"
2025/07/11 22:11:54 [error] 30#30: *1 no live upstreams while connecting to upstream, client: 172.19.0.1, server: localhost, request: "GET /api/structure/ HTTP/1.1", upstream: "http://localhost/structure/", host: "localhost", referrer: "http://localhost/"
2025/07/11 22:11:55 [error] 30#30: *1 no live upstreams while connecting to upstream, client: 172.19.0.1, server: localhost, request: "GET /api/structure/ HTTP/1.1", upstream: "http://localhost/structure/", host: "localhost", referrer: "http://localhost/"
2025/07/11 22:11:55 [error] 30#30: *1 no live upstreams while connecting to upstream, client: 172.19.0.1, server: localhost, request: "GET /api/structure/ HTTP/1.1", upstream: "http://localhost/structure/", host: "localhost", referrer: "http://localhost/"
2025/07/11 22:11:55 [error] 30#30: *1 no live upstreams while connecting to upstream, client: 172.19.0.1, server: localhost, request: "GET /api/structure/ HTTP/1.1", upstream: "http://localhost/structure/", host: "localhost", referrer: "http://localhost/"
2025/07/11 22:15:13 [notice] 1#1: signal 3 (SIGQUIT) received, shutting down
2025/07/11 22:15:13 [notice] 30#30: gracefully shutting down
2025/07/11 22:15:13 [notice] 37#37: gracefully shutting down
2025/07/11 22:15:13 [notice] 32#32: gracefully shutting down
2025/07/11 22:15:13 [notice] 31#31: gracefully shutting down
2025/07/11 22:15:13 [notice] 33#33: gracefully shutting down
2025/07/11 22:15:13 [notice] 34#34: gracefully shutting down
2025/07/11 22:15:13 [notice] 35#35: gracefully shutting down
2025/07/11 22:15:13 [notice] 36#36: gracefully shutting down
2025/07/11 22:15:13 [notice] 30#30: exiting
2025/07/11 22:15:13 [notice] 37#37: exiting
2025/07/11 22:15:13 [notice] 32#32: exiting
2025/07/11 22:15:13 [notice] 31#31: exiting
2025/07/11 22:15:13 [notice] 33#33: exiting
2025/07/11 22:15:13 [notice] 34#34: exiting
2025/07/11 22:15:13 [notice] 35#35: exiting
2025/07/11 22:15:13 [notice] 36#36: exiting
2025/07/11 22:15:13 [notice] 30#30: exit
2025/07/11 22:15:13 [notice] 37#37: exit
2025/07/11 22:15:13 [notice] 32#32: exit
2025/07/11 22:15:13 [notice] 31#31: exit
2025/07/11 22:15:13 [notice] 33#33: exit
2025/07/11 22:15:13 [notice] 34#34: exit
2025/07/11 22:15:13 [notice] 35#35: exit
2025/07/11 22:15:13 [notice] 36#36: exit
2025/07/11 22:15:13 [notice] 1#1: signal 17 (SIGCHLD) received from 34
2025/07/11 22:15:13 [notice] 1#1: worker process 30 exited with code 0
2025/07/11 22:15:13 [notice] 1#1: worker process 34 exited with code 0
2025/07/11 22:15:13 [notice] 1#1: signal 29 (SIGIO) received
2025/07/11 22:15:13 [notice] 1#1: signal 17 (SIGCHLD) received from 35
2025/07/11 22:15:13 [notice] 1#1: worker process 35 exited with code 0
2025/07/11 22:15:13 [notice] 1#1: worker process 37 exited with code 0
2025/07/11 22:15:13 [notice] 1#1: signal 29 (SIGIO) received
2025/07/11 22:15:13 [notice] 1#1: signal 17 (SIGCHLD) received from 33
2025/07/11 22:15:13 [notice] 1#1: worker process 31 exited with code 0
2025/07/11 22:15:13 [notice] 1#1: worker process 32 exited with code 0
2025/07/11 22:15:13 [notice] 1#1: worker process 33 exited with code 0
2025/07/11 22:15:13 [notice] 1#1: worker process 36 exited with code 0
2025/07/11 22:15:13 [notice] 1#1: exit
2025/07/11 22:15:40 [notice] 1#1: using the "epoll" event method
2025/07/11 22:15:40 [notice] 1#1: nginx/1.29.0
2025/07/11 22:15:40 [notice] 1#1: built by gcc 14.2.0 (Alpine 14.2.0) 
2025/07/11 22:15:40 [notice] 1#1: OS: Linux 6.6.87.2-microsoft-standard-WSL2
2025/07/11 22:15:40 [notice] 1#1: getrlimit(RLIMIT_NOFILE): 1048576:1048576
2025/07/11 22:15:40 [notice] 1#1: start worker processes
2025/07/11 22:15:40 [notice] 1#1: start worker process 31
2025/07/11 22:15:40 [notice] 1#1: start worker process 32
2025/07/11 22:15:40 [notice] 1#1: start worker process 33
2025/07/11 22:15:40 [notice] 1#1: start worker process 34
2025/07/11 22:15:40 [notice] 1#1: start worker process 35
2025/07/11 22:15:40 [notice] 1#1: start worker process 36
2025/07/11 22:15:40 [notice] 1#1: start worker process 37
2025/07/11 22:15:40 [notice] 1#1: start worker process 38
2025/07/11 22:15:54 [error] 31#31: *1 connect() failed (111: Connection refused) while connecting to upstream, client: 172.19.0.1, server: localhost, request: "GET /api/structure/ HTTP/1.1", upstream: "http://[::1]:7070/api/structure/", host: "localhost", referrer: "http://localhost/"
2025/07/11 22:15:54 [warn] 31#31: *1 upstream server temporarily disabled while connecting to upstream, client: 172.19.0.1, server: localhost, request: "GET /api/structure/ HTTP/1.1", upstream: "http://[::1]:7070/api/structure/", host: "localhost", referrer: "http://localhost/"
2025/07/11 22:15:54 [error] 31#31: *1 connect() failed (111: Connection refused) while connecting to upstream, client: 172.19.0.1, server: localhost, request: "GET /api/structure/ HTTP/1.1", upstream: "http://127.0.0.1:7070/api/structure/", host: "localhost", referrer: "http://localhost/"
2025/07/11 22:15:54 [warn] 31#31: *1 upstream server temporarily disabled while connecting to upstream, client: 172.19.0.1, server: localhost, request: "GET /api/structure/ HTTP/1.1", upstream: "http://127.0.0.1:7070/api/structure/", host: "localhost", referrer: "http://localhost/"
2025/07/11 22:15:54 [error] 31#31: *1 no live upstreams while connecting to upstream, client: 172.19.0.1, server: localhost, request: "GET /api/structure/ HTTP/1.1", upstream: "http://localhost/api/structure/", host: "localhost", referrer: "http://localhost/"
2025/07/11 22:15:54 [error] 31#31: *1 no live upstreams while connecting to upstream, client: 172.19.0.1, server: localhost, request: "GET /api/structure/ HTTP/1.1", upstream: "http://localhost/api/structure/", host: "localhost", referrer: "http://localhost/"
2025/07/11 22:15:54 [error] 31#31: *1 no live upstreams while connecting to upstream, client: 172.19.0.1, server: localhost, request: "GET /api/first-document/ HTTP/1.1", upstream: "http://localhost/api/first-document/", host: "localhost", referrer: "http://localhost/"
2025/07/11 22:15:55 [error] 31#31: *1 no live upstreams while connecting to upstream, client: 172.19.0.1, server: localhost, request: "GET /api/structure/ HTTP/1.1", upstream: "http://localhost/api/structure/", host: "localhost", referrer: "http://localhost/"
2025/07/11 22:15:55 [error] 31#31: *1 no live upstreams while connecting to upstream, client: 172.19.0.1, server: localhost, request: "GET /api/structure/ HTTP/1.1", upstream: "http://localhost/api/structure/", host: "localhost", referrer: "http://localhost/"
2025/07/11 22:15:55 [error] 31#31: *1 no live upstreams while connecting to upstream, client: 172.19.0.1, server: localhost, request: "GET /api/structure/ HTTP/1.1", upstream: "http://localhost/api/structure/", host: "localhost", referrer: "http://localhost/"
2025/07/11 22:15:56 [error] 31#31: *1 no live upstreams while connecting to upstream, client: 172.19.0.1, server: localhost, request: "GET /api/structure/ HTTP/1.1", upstream: "http://localhost/api/structure/", host: "localhost", referrer: "http://localhost/"
2025/07/11 22:15:56 [error] 31#31: *1 no live upstreams while connecting to upstream, client: 172.19.0.1, server: localhost, request: "GET /api/structure/ HTTP/1.1", upstream: "http://localhost/api/structure/", host: "localhost", referrer: "http://localhost/"
2025/07/11 22:15:56 [error] 31#31: *1 no live upstreams while connecting to upstream, client: 172.19.0.1, server: localhost, request: "GET /api/structure/ HTTP/1.1", upstream: "http://localhost/api/structure/", host: "localhost", referrer: "http://localhost/"
2025/07/11 22:16:55 [notice] 1#1: signal 3 (SIGQUIT) received, shutting down
2025/07/11 22:16:55 [notice] 31#31: gracefully shutting down
2025/07/11 22:16:55 [notice] 33#33: gracefully shutting down
2025/07/11 22:16:55 [notice] 35#35: gracefully shutting down
2025/07/11 22:16:55 [notice] 36#36: gracefully shutting down
2025/07/11 22:16:55 [notice] 37#37: gracefully shutting down
2025/07/11 22:16:55 [notice] 34#34: gracefully shutting down
2025/07/11 22:16:55 [notice] 32#32: gracefully shutting down
2025/07/11 22:16:55 [notice] 38#38: gracefully shutting down
2025/07/11 22:16:55 [notice] 31#31: exiting
2025/07/11 22:16:55 [notice] 33#33: exiting
2025/07/11 22:16:55 [notice] 35#35: exiting
2025/07/11 22:16:55 [notice] 36#36: exiting
2025/07/11 22:16:55 [notice] 37#37: exiting
2025/07/11 22:16:55 [notice] 34#34: exiting
2025/07/11 22:16:55 [notice] 32#32: exiting
2025/07/11 22:16:55 [notice] 38#38: exiting
2025/07/11 22:16:55 [notice] 1#1: signal 17 (SIGCHLD) received from 37
2025/07/11 22:16:55 [notice] 1#1: worker process 37 exited with code 0
2025/07/11 22:16:55 [notice] 1#1: signal 29 (SIGIO) received
2025/07/11 22:16:55 [notice] 1#1: signal 17 (SIGCHLD) received from 33
2025/07/11 22:16:55 [notice] 1#1: worker process 33 exited with code 0
2025/07/11 22:16:55 [notice] 1#1: signal 29 (SIGIO) received
2025/07/11 22:16:55 [notice] 1#1: signal 17 (SIGCHLD) received from 34
2025/07/11 22:16:55 [notice] 1#1: worker process 31 exited with code 0
2025/07/11 22:16:55 [notice] 1#1: worker process 34 exited with code 0
2025/07/11 22:16:55 [notice] 1#1: worker process 36 exited with code 0
2025/07/11 22:16:55 [notice] 1#1: signal 29 (SIGIO) received
2025/07/11 22:16:55 [notice] 1#1: signal 17 (SIGCHLD) received from 35
2025/07/11 22:16:55 [notice] 1#1: worker process 35 exited with code 0
2025/07/11 22:16:55 [notice] 1#1: signal 29 (SIGIO) received
2025/07/11 22:16:55 [notice] 1#1: signal 17 (SIGCHLD) received from 38
2025/07/11 22:16:55 [notice] 1#1: worker process 32 exited with code 0
2025/07/11 22:16:55 [notice] 1#1: worker process 38 exited with code 0
2025/07/11 22:16:55 [notice] 1#1: exit
2025/07/11 22:17:18 [emerg] 1#1: host not found in upstream "backend-js" in /etc/nginx/nginx.conf:51
2025/07/11 22:17:24 [emerg] 1#1: host not found in upstream "backend-js" in /etc/nginx/nginx.conf:51
2025/07/11 22:17:31 [emerg] 1#1: host not found in upstream "backend-js" in /etc/nginx/nginx.conf:51
2025/07/11 22:17:37 [emerg] 1#1: host not found in upstream "backend-js" in /etc/nginx/nginx.conf:51
2025/07/11 22:17:44 [emerg] 1#1: host not found in upstream "backend-js" in /etc/nginx/nginx.conf:51
2025/07/11 22:17:50 [emerg] 1#1: host not found in upstream "backend-js" in /etc/nginx/nginx.conf:51
2025/07/11 22:17:58 [emerg] 1#1: host not found in upstream "backend-js" in /etc/nginx/nginx.conf:51
2025/07/11 22:18:08 [emerg] 1#1: host not found in upstream "backend-js" in /etc/nginx/nginx.conf:51
2025/07/11 22:18:25 [notice] 1#1: using the "epoll" event method
2025/07/11 22:18:25 [notice] 1#1: nginx/1.29.0
2025/07/11 22:18:25 [notice] 1#1: built by gcc 14.2.0 (Alpine 14.2.0) 
2025/07/11 22:18:25 [notice] 1#1: OS: Linux 6.6.87.2-microsoft-standard-WSL2
2025/07/11 22:18:25 [notice] 1#1: getrlimit(RLIMIT_NOFILE): 1048576:1048576
2025/07/11 22:18:25 [notice] 1#1: start worker processes
2025/07/11 22:18:25 [notice] 1#1: start worker process 22
2025/07/11 22:18:25 [notice] 1#1: start worker process 23
2025/07/11 22:18:25 [notice] 1#1: start worker process 24
2025/07/11 22:18:25 [notice] 1#1: start worker process 25
2025/07/11 22:18:25 [notice] 1#1: start worker process 26
2025/07/11 22:18:25 [notice] 1#1: start worker process 27
2025/07/11 22:18:25 [notice] 1#1: start worker process 28
2025/07/11 22:18:25 [notice] 1#1: start worker process 29
2025/07/11 22:18:35 [notice] 1#1: signal 3 (SIGQUIT) received, shutting down
2025/07/11 22:18:35 [notice] 23#23: gracefully shutting down
2025/07/11 22:18:35 [notice] 22#22: gracefully shutting down
2025/07/11 22:18:35 [notice] 24#24: gracefully shutting down
2025/07/11 22:18:35 [notice] 25#25: gracefully shutting down
2025/07/11 22:18:35 [notice] 27#27: gracefully shutting down
2025/07/11 22:18:35 [notice] 27#27: exiting
2025/07/11 22:18:35 [notice] 26#26: gracefully shutting down
2025/07/11 22:18:35 [notice] 28#28: gracefully shutting down
2025/07/11 22:18:35 [notice] 29#29: gracefully shutting down
2025/07/11 22:18:35 [notice] 23#23: exiting
2025/07/11 22:18:35 [notice] 22#22: exiting
2025/07/11 22:18:35 [notice] 24#24: exiting
2025/07/11 22:18:35 [notice] 25#25: exiting
2025/07/11 22:18:35 [notice] 26#26: exiting
2025/07/11 22:18:35 [notice] 28#28: exiting
2025/07/11 22:18:35 [notice] 29#29: exiting
2025/07/11 22:18:35 [notice] 1#1: signal 17 (SIGCHLD) received from 23
2025/07/11 22:18:35 [notice] 1#1: worker process 22 exited with code 0
2025/07/11 22:18:35 [notice] 1#1: worker process 23 exited with code 0
2025/07/11 22:18:35 [notice] 1#1: signal 29 (SIGIO) received
2025/07/11 22:18:35 [notice] 1#1: signal 17 (SIGCHLD) received from 24
2025/07/11 22:18:35 [notice] 1#1: worker process 24 exited with code 0
2025/07/11 22:18:35 [notice] 1#1: worker process 28 exited with code 0
2025/07/11 22:18:35 [notice] 1#1: signal 29 (SIGIO) received
2025/07/11 22:18:35 [notice] 1#1: signal 17 (SIGCHLD) received from 27
2025/07/11 22:18:35 [notice] 1#1: worker process 25 exited with code 0
2025/07/11 22:18:35 [notice] 1#1: worker process 26 exited with code 0
2025/07/11 22:18:35 [notice] 1#1: worker process 27 exited with code 0
2025/07/11 22:18:35 [notice] 1#1: worker process 29 exited with code 0
2025/07/11 22:18:35 [notice] 1#1: exit
2025/07/11 22:19:15 [notice] 1#1: using the "epoll" event method
2025/07/11 22:19:15 [notice] 1#1: nginx/1.29.0
2025/07/11 22:19:15 [notice] 1#1: built by gcc 14.2.0 (Alpine 14.2.0) 
2025/07/11 22:19:15 [notice] 1#1: OS: Linux 6.6.87.2-microsoft-standard-WSL2
2025/07/11 22:19:15 [notice] 1#1: getrlimit(RLIMIT_NOFILE): 1048576:1048576
2025/07/11 22:19:15 [notice] 1#1: start worker processes
2025/07/11 22:19:15 [notice] 1#1: start worker process 30
2025/07/11 22:19:15 [notice] 1#1: start worker process 31
2025/07/11 22:19:15 [notice] 1#1: start worker process 32
2025/07/11 22:19:15 [notice] 1#1: start worker process 33
2025/07/11 22:19:15 [notice] 1#1: start worker process 34
2025/07/11 22:19:15 [notice] 1#1: start worker process 35
2025/07/11 22:19:15 [notice] 1#1: start worker process 36
2025/07/11 22:19:15 [notice] 1#1: start worker process 37
2025/07/11 22:21:19 [notice] 1#1: signal 3 (SIGQUIT) received, shutting down
2025/07/11 22:21:19 [notice] 30#30: gracefully shutting down
2025/07/11 22:21:19 [notice] 31#31: gracefully shutting down
2025/07/11 22:21:19 [notice] 31#31: exiting
2025/07/11 22:21:19 [notice] 35#35: gracefully shutting down
2025/07/11 22:21:19 [notice] 32#32: gracefully shutting down
2025/07/11 22:21:19 [notice] 33#33: gracefully shutting down
2025/07/11 22:21:19 [notice] 36#36: gracefully shutting down
2025/07/11 22:21:19 [notice] 37#37: gracefully shutting down
2025/07/11 22:21:19 [notice] 34#34: gracefully shutting down
2025/07/11 22:21:19 [notice] 30#30: exiting
2025/07/11 22:21:19 [notice] 35#35: exiting
2025/07/11 22:21:19 [notice] 32#32: exiting
2025/07/11 22:21:19 [notice] 33#33: exiting
2025/07/11 22:21:19 [notice] 36#36: exiting
2025/07/11 22:21:19 [notice] 37#37: exiting
2025/07/11 22:21:19 [notice] 34#34: exiting
2025/07/11 22:21:19 [notice] 1#1: signal 17 (SIGCHLD) received from 36
2025/07/11 22:21:19 [notice] 1#1: worker process 36 exited with code 0
2025/07/11 22:21:19 [notice] 1#1: signal 29 (SIGIO) received
2025/07/11 22:21:19 [notice] 1#1: signal 17 (SIGCHLD) received from 33
2025/07/11 22:21:19 [notice] 1#1: worker process 33 exited with code 0
2025/07/11 22:21:19 [notice] 1#1: signal 29 (SIGIO) received
2025/07/11 22:21:19 [notice] 1#1: signal 17 (SIGCHLD) received from 31
2025/07/11 22:21:19 [notice] 1#1: worker process 31 exited with code 0
2025/07/11 22:21:19 [notice] 1#1: worker process 32 exited with code 0
2025/07/11 22:21:19 [notice] 1#1: worker process 35 exited with code 0
2025/07/11 22:21:19 [notice] 1#1: signal 29 (SIGIO) received
2025/07/11 22:21:19 [notice] 1#1: signal 17 (SIGCHLD) received from 30
2025/07/11 22:21:19 [notice] 1#1: worker process 30 exited with code 0
2025/07/11 22:21:19 [notice] 1#1: signal 29 (SIGIO) received
2025/07/11 22:21:19 [notice] 1#1: signal 17 (SIGCHLD) received from 37
2025/07/11 22:21:19 [notice] 1#1: worker process 37 exited with code 0
2025/07/11 22:21:19 [notice] 1#1: signal 29 (SIGIO) received
2025/07/11 22:21:19 [notice] 1#1: signal 17 (SIGCHLD) received from 34
2025/07/11 22:21:19 [notice] 1#1: worker process 34 exited with code 0
2025/07/11 22:21:19 [notice] 1#1: exit
2025/07/11 22:21:38 [notice] 1#1: using the "epoll" event method
2025/07/11 22:21:38 [notice] 1#1: nginx/1.29.0
2025/07/11 22:21:38 [notice] 1#1: built by gcc 14.2.0 (Alpine 14.2.0) 
2025/07/11 22:21:38 [notice] 1#1: OS: Linux 6.6.87.2-microsoft-standard-WSL2
2025/07/11 22:21:38 [notice] 1#1: getrlimit(RLIMIT_NOFILE): 1048576:1048576
2025/07/11 22:21:38 [notice] 1#1: start worker processes
2025/07/11 22:21:38 [notice] 1#1: start worker process 30
2025/07/11 22:21:38 [notice] 1#1: start worker process 31
2025/07/11 22:21:38 [notice] 1#1: start worker process 32
2025/07/11 22:21:38 [notice] 1#1: start worker process 33
2025/07/11 22:21:38 [notice] 1#1: start worker process 34
2025/07/11 22:21:38 [notice] 1#1: start worker process 35
2025/07/11 22:21:38 [notice] 1#1: start worker process 36
2025/07/11 22:21:38 [notice] 1#1: start worker process 37
2025/07/11 22:27:10 [notice] 1#1: signal 3 (SIGQUIT) received, shutting down
2025/07/11 22:27:10 [notice] 31#31: gracefully shutting down
2025/07/11 22:27:10 [notice] 30#30: gracefully shutting down
2025/07/11 22:27:10 [notice] 32#32: gracefully shutting down
2025/07/11 22:27:10 [notice] 34#34: gracefully shutting down
2025/07/11 22:27:10 [notice] 34#34: exiting
2025/07/11 22:27:10 [notice] 35#35: gracefully shutting down
2025/07/11 22:27:10 [notice] 36#36: gracefully shutting down
2025/07/11 22:27:10 [notice] 36#36: exiting
2025/07/11 22:27:10 [notice] 37#37: gracefully shutting down
2025/07/11 22:27:10 [notice] 33#33: gracefully shutting down
2025/07/11 22:27:10 [notice] 31#31: exiting
2025/07/11 22:27:10 [notice] 30#30: exiting
2025/07/11 22:27:10 [notice] 32#32: exiting
2025/07/11 22:27:10 [notice] 35#35: exiting
2025/07/11 22:27:10 [notice] 37#37: exiting
2025/07/11 22:27:10 [notice] 33#33: exiting
2025/07/11 22:27:10 [notice] 1#1: signal 17 (SIGCHLD) received from 32
2025/07/11 22:27:10 [notice] 1#1: worker process 32 exited with code 0
2025/07/11 22:27:10 [notice] 1#1: signal 29 (SIGIO) received
2025/07/11 22:27:10 [notice] 1#1: signal 17 (SIGCHLD) received from 33
2025/07/11 22:27:10 [notice] 1#1: worker process 33 exited with code 0
2025/07/11 22:27:10 [notice] 1#1: worker process 34 exited with code 0
2025/07/11 22:27:10 [notice] 1#1: signal 29 (SIGIO) received
2025/07/11 22:27:10 [notice] 1#1: signal 17 (SIGCHLD) received from 34
2025/07/11 22:27:10 [notice] 1#1: signal 17 (SIGCHLD) received from 36
2025/07/11 22:27:10 [notice] 1#1: worker process 36 exited with code 0
2025/07/11 22:27:10 [notice] 1#1: worker process 37 exited with code 0
2025/07/11 22:27:10 [notice] 1#1: signal 29 (SIGIO) received
2025/07/11 22:27:10 [notice] 1#1: signal 17 (SIGCHLD) received from 35
2025/07/11 22:27:10 [notice] 1#1: worker process 30 exited with code 0
2025/07/11 22:27:10 [notice] 1#1: worker process 31 exited with code 0
2025/07/11 22:27:10 [notice] 1#1: worker process 35 exited with code 0
2025/07/11 22:27:10 [notice] 1#1: exit
2025/07/11 22:27:21 [notice] 1#1: using the "epoll" event method
2025/07/11 22:27:21 [notice] 1#1: nginx/1.29.0
2025/07/11 22:27:21 [notice] 1#1: built by gcc 14.2.0 (Alpine 14.2.0) 
2025/07/11 22:27:21 [notice] 1#1: OS: Linux 6.6.87.2-microsoft-standard-WSL2
2025/07/11 22:27:21 [notice] 1#1: getrlimit(RLIMIT_NOFILE): 1048576:1048576
2025/07/11 22:27:21 [notice] 1#1: start worker processes
2025/07/11 22:27:21 [notice] 1#1: start worker process 9
2025/07/11 22:27:21 [notice] 1#1: start worker process 10
2025/07/11 22:27:21 [notice] 1#1: start worker process 11
2025/07/11 22:27:21 [notice] 1#1: start worker process 12
2025/07/11 22:27:21 [notice] 1#1: start worker process 13
2025/07/11 22:27:21 [notice] 1#1: start worker process 14
2025/07/11 22:27:21 [notice] 1#1: start worker process 15
2025/07/11 22:27:21 [notice] 1#1: start worker process 16
